Removed Pin From Net: NetName=M+_1 Pin=C2-1
Removed Pin From Net: NetName=M+_1 Pin=C7-2
Removed Pin From Net: NetName=M+_1 Pin=C8-2
Removed Pin From Net: NetName=M+_1 Pin=C10-2
Removed Pin From Net: NetName=M+_1 Pin=C11-2
Removed Pin From Net: NetName=M+_1 Pin=C12-2
Removed Pin From Net: NetName=M+_1 Pin=C13-2
Removed Pin From Net: NetName=M+_1 Pin=C14-2
Removed Pin From Net: NetName=M+_1 Pin=C15-2
Removed Pin From Net: NetName=M+_1 Pin=D1-2
Removed Pin From Net: NetName=M+_1 Pin=D2-2
Removed Pin From Net: NetName=M+_1 Pin=D3-2
Removed Pin From Net: NetName=M+_1 Pin=D4-2
Removed Pin From Net: NetName=M+_1 Pin=R1-2
Removed Pin From Net: NetName=M+_1 Pin=U1-2
Change Net Name : Old Net Name=M+_1 New Net Name=GND
Added Pin To Net: NetName=M+_1 Pin=C2-1
Added Pin To Net: NetName=M+_1 Pin=C7-2
Added Pin To Net: NetName=M+_1 Pin=C8-2
Added Pin To Net: NetName=M+_1 Pin=C10-2
Added Pin To Net: NetName=M+_1 Pin=C11-2
Added Pin To Net: NetName=M+_1 Pin=C12-2
Added Pin To Net: NetName=M+_1 Pin=C13-2
Added Pin To Net: NetName=M+_1 Pin=C14-2
Added Pin To Net: NetName=M+_1 Pin=C15-2
Added Pin To Net: NetName=M+_1 Pin=D1-2
Added Pin To Net: NetName=M+_1 Pin=D2-2
Added Pin To Net: NetName=M+_1 Pin=D3-2
Added Pin To Net: NetName=M+_1 Pin=D4-2
Added Pin To Net: NetName=M+_1 Pin=R1-2
Added Pin To Net: NetName=M+_1 Pin=U1-2
Added Net: Name=M+_1
