Removed Pin From Net: NetName=TX Pin=2-47
Removed Pin From Net: NetName=RX Pin=2-48
Removed Pin From Net: NetName=PWM_1 Pin=2-51
Removed Pin From Net: NetName=PWM_2 Pin=2-52
Removed Pin From Net: NetName=SCL_1 Pin=2-55
Removed Pin From Net: NetName=SDA_1 Pin=2-56
Removed Pin From Net: NetName=GND Pin=2-60
Removed Pin From Net: NetName=PWM_3 Pin=2-65
Removed Pin From Net: NetName=PWM_4 Pin=2-66
Removed Pin From Net: NetName=SCL_3 Pin=2-74
Removed Pin From Net: NetName=SDA_3 Pin=2-75
Removed Pin From Net: NetName=SCL_2 Pin=2-76
Removed Pin From Net: NetName=SDA_2 Pin=2-77
Change Component Comment : Designator=C2 Old Comment=10uF/25V CERAMIC x2 New Comment=10uF/25V
Change Component Comment : Designator=C17 Old Comment=22uF/6.3V CERAMIC x2 New Comment=22uF/6.3V
Change Component Designator: OldDesignator=2 NewDesignator=U4
Added Component: Designator=J1(SMA)
Add component (AddParameter): Name = "Check_prices"; Value = "https://www.snapeda.com/parts/B130-13-F/Diodes+Inc./view-part/?ref=eda"; VariantName = "[No Variations]"
Add component (AddParameter): Name = "MF"; Value = "Diodes Inc."; VariantName = "[No Variations]"
Add component (AddParameter): Name = "MP"; Value = "B130-13-F"; VariantName = "[No Variations]"
Add component (AddParameter): Name = "Package"; Value = "DO-214 Diodes Inc."; VariantName = "[No Variations]"
Add component (AddParameter): Name = "SnapEDA_Link"; Value = "https://www.snapeda.com/parts/B130-13-F/Diodes+Inc./view-part/?ref=snap"; VariantName = "[No Variations]"
Add component (AddParameter): Name = "Value"; Value = ""; VariantName = "[No Variations]"
Added Pin To Net: NetName=GND Pin=J1-A
Added Pin To Net: NetName=NetC16_2 Pin=J1-C
Added Pin To Net: NetName=TX Pin=U4-48
Added Pin To Net: NetName=RX Pin=U4-49
Added Pin To Net: NetName=PWM_1 Pin=U4-52
Added Pin To Net: NetName=PWM_2 Pin=U4-53
Added Pin To Net: NetName=PWM_3 Pin=U4-54
Added Pin To Net: NetName=PWM_4 Pin=U4-55
Added Pin To Net: NetName=SCL_2 Pin=U4-57
Added Pin To Net: NetName=GND Pin=U4-59
Added Pin To Net: NetName=SCL_3 Pin=U4-65
Added Pin To Net: NetName=SDA_2 Pin=U4-71
Added Pin To Net: NetName=SDA_3 Pin=U4-72
Added Pin To Net: NetName=SCL_1 Pin=U4-74
Added Pin To Net: NetName=SDA_1 Pin=U4-75
Added Member To Class: ClassName=miniquad_713 Member=Component J1 B130
